Using pre-set license
Built from '2020.3/staging' branch; Version is '2020.3.17f1 (a4537701e4ab) revision 10769271'; Using compiler version '192528614'; Build Type 'Release'
OS: 'Windows 10 Pro; OS build 19042.1348; Version 2009; 64bit' Language: 'en' Physical Memory: 16204 MB
BatchMode: 1, IsHumanControllingUs: 0, StartBugReporterOnCrash: 0, Is64bit: 1, IsPro: 0

COMMAND LINE ARGUMENTS:
C:\Program Files\Unity\Hub\Editor\2020.3.17f1\Editor\Unity.exe
-adb2
-batchMode
-noUpm
-name
AssetImportWorker0
-projectPath
C:/Users/aaron/OneDrive/Documents/ProjectDeepBelow/Project-Deep-Below/Project-Deep-Below
-logFile
Logs/AssetImportWorker0.log
-srvPort
52723
Successfully changed project path to: C:/Users/aaron/OneDrive/Documents/ProjectDeepBelow/Project-Deep-Below/Project-Deep-Below
C:/Users/aaron/OneDrive/Documents/ProjectDeepBelow/Project-Deep-Below/Project-Deep-Below
Using Asset Import Pipeline V2.
Refreshing native plugins compatible for Editor in 39.70 ms, found 3 plugins.
Preloading 0 native plugins for Editor in 0.00 ms.
Initialize engine version: 2020.3.17f1 (a4537701e4ab)
[Subsystems] Discovering subsystems at path C:/Program Files/Unity/Hub/Editor/2020.3.17f1/Editor/Data/Resources/UnitySubsystems
[Subsystems] Discovering subsystems at path C:/Users/aaron/OneDrive/Documents/ProjectDeepBelow/Project-Deep-Below/Project-Deep-Below/Assets
GfxDevice: creating device client; threaded=0
Direct3D:
    Version:  Direct3D 11.0 [level 11.1]
    Renderer: NVIDIA GeForce RTX 2080 Super (ID=0x1e93)
    Vendor:   
    VRAM:     8010 MB
    Driver:   30.0.14.9649
Initialize mono
Mono path[0] = 'C:/Program Files/Unity/Hub/Editor/2020.3.17f1/Editor/Data/Managed'
Mono path[1] = 'C:/Program Files/Unity/Hub/Editor/2020.3.17f1/Editor/Data/MonoBleedingEdge/lib/mono/unityjit'
Mono config path = 'C:/Program Files/Unity/Hub/Editor/2020.3.17f1/Editor/Data/MonoBleedingEdge/etc'
Using monoOptions --debugger-agent=transport=dt_socket,embedding=1,server=y,suspend=n,address=127.0.0.1:56960
Begin MonoManager ReloadAssembly
Registering precompiled unity dll's ...
Register platform support module: C:/Program Files/Unity/Hub/Editor/2020.3.17f1/Editor/Data/PlaybackEngines/WebGLSupport/UnityEditor.WebGL.Extensions.dll
Register platform support module: C:/Program Files/Unity/Hub/Editor/2020.3.17f1/Editor/Data/PlaybackEngines/WindowsStandaloneSupport/UnityEditor.WindowsStandalone.Extensions.dll
Registered in 0.002205 seconds.
Native extension for WindowsStandalone target not found
Native extension for WebGL target not found
Refreshing native plugins compatible for Editor in 38.72 ms, found 3 plugins.
Preloading 0 native plugins for Editor in 0.00 ms.
Mono: successfully reloaded assembly
- Completed reload, in  1.100 seconds
Domain Reload Profiling:
	ReloadAssembly (1100ms)
		BeginReloadAssembly (47ms)
			ExecutionOrderSort (0ms)
			DisableScriptedObjects (0ms)
			BackupInstance (0ms)
			ReleaseScriptingObjects (0ms)
			CreateAndSetChildDomain (1ms)
		EndReloadAssembly (389ms)
			LoadAssemblies (45ms)
			RebuildTransferFunctionScriptingTraits (0ms)
			SetupTypeCache (146ms)
			ReleaseScriptCaches (0ms)
			RebuildScriptCaches (29ms)
			SetupLoadedEditorAssemblies (152ms)
				LogAssemblyErrors (0ms)
				InitializePlatformSupportModulesInManaged (4ms)
				SetLoadedEditorAssemblies (0ms)
				RefreshPlugins (39ms)
				BeforeProcessingInitializeOnLoad (14ms)
				ProcessInitializeOnLoadAttributes (72ms)
				ProcessInitializeOnLoadMethodAttributes (22ms)
				AfterProcessingInitializeOnLoad (0ms)
				EditorAssembliesLoaded (0ms)
			ExecutionOrderSort2 (0ms)
			AwakeInstancesAfterBackupRestoration (0ms)
Platform modules already initialized, skipping
Registering precompiled user dll's ...
Registered in 0.003562 seconds.
Begin MonoManager ReloadAssembly
Native extension for WindowsStandalone target not found
Native extension for WebGL target not found
Refreshing native plugins compatible for Editor in 37.55 ms, found 3 plugins.
Preloading 0 native plugins for Editor in 0.00 ms.
Mono: successfully reloaded assembly
- Completed reload, in  1.122 seconds
Domain Reload Profiling:
	ReloadAssembly (1123ms)
		BeginReloadAssembly (150ms)
			ExecutionOrderSort (0ms)
			DisableScriptedObjects (4ms)
			BackupInstance (0ms)
			ReleaseScriptingObjects (0ms)
			CreateAndSetChildDomain (15ms)
		EndReloadAssembly (906ms)
			LoadAssemblies (88ms)
			RebuildTransferFunctionScriptingTraits (0ms)
			SetupTypeCache (277ms)
			ReleaseScriptCaches (0ms)
			RebuildScriptCaches (48ms)
			SetupLoadedEditorAssemblies (374ms)
				LogAssemblyErrors (0ms)
				InitializePlatformSupportModulesInManaged (4ms)
				SetLoadedEditorAssemblies (0ms)
				RefreshPlugins (38ms)
				BeforeProcessingInitializeOnLoad (77ms)
				ProcessInitializeOnLoadAttributes (239ms)
				ProcessInitializeOnLoadMethodAttributes (10ms)
				AfterProcessingInitializeOnLoad (6ms)
				EditorAssembliesLoaded (0ms)
			ExecutionOrderSort2 (0ms)
			AwakeInstancesAfterBackupRestoration (6ms)
Platform modules already initialized, skipping
========================================================================
Worker process is ready to serve import requests
Launched and connected shader compiler UnityShaderCompiler.exe after 0.06 seconds
Refreshing native plugins compatible for Editor in 0.42 ms, found 3 plugins.
Preloading 0 native plugins for Editor in 0.00 ms.
Unloading 2093 Unused Serialized files (Serialized files now loaded: 0)
System memory in use before: 93.8 MB.
System memory in use after: 93.9 MB.

Unloading 28 unused Assets to reduce memory usage. Loaded Objects now: 2530.
Total: 2.797100 ms (FindLiveObjects: 0.179100 ms CreateObjectMapping: 0.066700 ms MarkObjects: 2.490900 ms  DeleteObjects: 0.059600 ms)

AssetImportParameters requested are different than current active one (requested -> active):
  custom:framework-win-MediaFoundation: 216162199b28c13a410421893ffa2e32 -> 
  custom:video-decoder-ogg-theora: a1e56fd34408186e4bbccfd4996cb3dc -> 
  custom:container-muxer-webm: aa71ff27fc2769a1b78a27578f13a17b -> 
  custom:container-demuxer-webm: 4f35f7cbe854078d1ac9338744f61a02 -> 
  custom:container-demuxer-ogg: 62fdf1f143b41e24485cea50d1cbac27 -> 
  custom:video-encoder-webm-vp8: eb34c28f22e8b96e1ab97ce403110664 -> 
  custom:video-decoder-webm-vp8: 9c59270c3fd7afecdb556c50c9e8de78 -> 
  custom:audio-decoder-ogg-vorbis: bf7c407c2cedff20999df2af8eb42d56 -> 
  custom:audio-encoder-webm-vorbis: bf7c407c2cedff20999df2af8eb42d56 -> 
========================================================================
Received Import Request.
  path: Assets
  artifactKey: Guid(00000000000000001000000000000000) Importer(815301076,1909f56bfc062723c751e8b465ee728b)
Start importing Assets using Guid(00000000000000001000000000000000) Importer(815301076,1909f56bfc062723c751e8b465ee728b)  -> (artifact id: '42d402b061de3733987d63b9cc3b64de') in 0.010293 seconds 
  Import took 0.015324 seconds .

========================================================================
Received Import Request.
  Time since last request: 14.491878 seconds.
  path: Assets/Level-Blocks
  artifactKey: Guid(d6030edbfeb8cc24094802f6d82398ba) Importer(815301076,1909f56bfc062723c751e8b465ee728b)
Start importing Assets/Level-Blocks using Guid(d6030edbfeb8cc24094802f6d82398ba) Importer(815301076,1909f56bfc062723c751e8b465ee728b)  -> (artifact id: '4a3599864fe476649b955c5869498d29') in 0.008299 seconds 
  Import took 0.011293 seconds .

========================================================================
Received Import Request.
  Time since last request: 527.572065 seconds.
  path: Assets/Resores
  artifactKey: Guid(25248ca19892a21449f1f473436cea1b) Importer(815301076,1909f56bfc062723c751e8b465ee728b)
Start importing Assets/Resores using Guid(25248ca19892a21449f1f473436cea1b) Importer(815301076,1909f56bfc062723c751e8b465ee728b)  -> (artifact id: '53c355b133b827e3ea33a51c129620be') in 0.008986 seconds 
  Import took 0.013963 seconds .

========================================================================
Received Import Request.
  Time since last request: 141.263297 seconds.
  path: Assets/Resources
  artifactKey: Guid(25248ca19892a21449f1f473436cea1b) Importer(815301076,1909f56bfc062723c751e8b465ee728b)
Start importing Assets/Resources using Guid(25248ca19892a21449f1f473436cea1b) Importer(815301076,1909f56bfc062723c751e8b465ee728b)  -> (artifact id: '24eb83baaea494c8597a345a0e71d207') in 0.008127 seconds 
  Import took 0.011081 seconds .

========================================================================
Received Import Request.
  Time since last request: 10.330070 seconds.
  path: Assets/Scripts
  artifactKey: Guid(82fe096f520b1094d81f0fc586ec0deb) Importer(815301076,1909f56bfc062723c751e8b465ee728b)
Start importing Assets/Scripts using Guid(82fe096f520b1094d81f0fc586ec0deb) Importer(815301076,1909f56bfc062723c751e8b465ee728b)  -> (artifact id: '203a41c201ec1de37c40154441223065') in 0.007755 seconds 
  Import took 0.010518 seconds .

========================================================================
Received Import Request.
  Time since last request: 154.233582 seconds.
  path: Assets/Art
  artifactKey: Guid(50613fb3e901de64cad67a1638411c8a) Importer(815301076,1909f56bfc062723c751e8b465ee728b)
Start importing Assets/Art using Guid(50613fb3e901de64cad67a1638411c8a) Importer(815301076,1909f56bfc062723c751e8b465ee728b)  -> (artifact id: 'd43bd46e8fe7a811948740baec6226be') in 0.007745 seconds 
  Import took 0.011117 seconds .

========================================================================
Received Import Request.
  Time since last request: 354.711685 seconds.
  path: Assets/Managers
  artifactKey: Guid(2e47bd9bbea88e943893f9d36f1b0a90) Importer(815301076,1909f56bfc062723c751e8b465ee728b)
Start importing Assets/Managers using Guid(2e47bd9bbea88e943893f9d36f1b0a90) Importer(815301076,1909f56bfc062723c751e8b465ee728b)  -> (artifact id: 'aef212a9c3dad816793bcd37c2b32e50') in 0.008066 seconds 
  Import took 0.011221 seconds .

AssetImportWorkerClient::OnTransportError - code=2 error=End of file
